<?xml version="1.0" encoding="UTF-8"?>
<testsuite xmlns:xsi="http://www.w3.org/2001/XMLSchema-instance" xsi:noNamespaceSchemaLocation="https://maven.apache.org/surefire/maven-surefire-plugin/xsd/surefire-test-report.xsd" version="3.0.2" name="com.example.caja_chica.CajaChicaApplicationTests" time="13.44" tests="1" errors="0" skipped="0" failures="0" flakes="0">
  <properties>
[...]
</properties>
  <testcase name="contextLoads" classname="com.example.caja_chica.CajaChicaApplicationTests" time="0.727">
    <system-out><![CDATA[20:58:18.058 [main] INFO org.springframework.test.context.support.AnnotationConfigContextLoaderUtils -- Could not detect default configuration classes for test class [com.example.caja_chica.CajaChicaApplicationTests]: CajaChicaApplicationTests does not declare any static, non-private, non-final, nested classes annotated with @Configuration.
20:58:18.284 [main] INFO org.springframework.boot.test.context.SpringBootTestContextBootstrapper -- Found @SpringBootConfiguration com.example.caja_chica.CajaChicaApplication for test class com.example.caja_chica.CajaChicaApplicationTests
20:58:18.506 [main] INFO org.springframework.test.context.support.AnnotationConfigContextLoaderUtils -- Could not detect default configuration classes for test class [com.example.caja_chica.CajaChicaApplicationTests]: CajaChicaApplicationTests does not declare any static, non-private, non-final, nested classes annotated with @Configuration.
20:58:18.510 [main] INFO org.springframework.boot.test.context.SpringBootTestContextBootstrapper -- Found @SpringBootConfiguration com.example.caja_chica.CajaChicaApplication for test class com.example.caja_chica.CajaChicaApplicationTests

  .   ____          _            __ _ _
 /\\ / ___'_ __ _ _(_)_ __  __ _ \ \ \ \
( ( )\___ | '_ | '_| | '_ \/ _` | \ \ \ \
 \\/  ___)| |_)| | | | | || (_| |  ) ) ) )
  '  |____| .__|_| |_|_| |_\__, | / / / /
 =========|_|==============|___/=/_/_/_/

 :: Spring Boot ::                (v4.0.5)

2026-05-25T20:58:19.356-05:00  INFO 15048 --- [           main] c.e.c.CajaChicaApplicationTests          : Starting CajaChicaApplicationTests using Java 21.0.4 with PID 15048 (started by Kevin(orejas) in D:\proyecto desarrollo wed\caja-chica\backend)
2026-05-25T20:58:19.359-05:00  INFO 15048 --- [           main] c.e.c.CajaChicaApplicationTests          : No active profile set, falling back to 1 default profile: "default"
2026-05-25T20:58:21.393-05:00  INFO 15048 --- [           main] .s.d.r.c.RepositoryConfigurationDelegate : Bootstrapping Spring Data JPA repositories in DEFAULT mode.
2026-05-25T20:58:21.544-05:00  INFO 15048 --- [           main] .s.d.r.c.RepositoryConfigurationDelegate : Finished Spring Data repository scanning in 113 ms. Found 4 JPA repository interfaces.
2026-05-25T20:58:22.894-05:00  INFO 15048 --- [           main] org.hibernate.orm.jpa                    : HHH008540: Processing PersistenceUnitInfo [name: default]
2026-05-25T20:58:23.068-05:00  INFO 15048 --- [           main] org.hibernate.orm.core                   : HHH000001: Hibernate ORM core version 7.2.7.Final
2026-05-25T20:58:24.302-05:00  INFO 15048 --- [           main] o.s.o.j.p.SpringPersistenceUnitInfo      : No LoadTimeWeaver setup: ignoring JPA class transformer
2026-05-25T20:58:24.386-05:00  INFO 15048 --- [           main] com.zaxxer.hikari.HikariDataSource       : HikariPool-1 - Starting...
2026-05-25T20:58:24.870-05:00  INFO 15048 --- [           main] com.zaxxer.hikari.pool.HikariPool        : HikariPool-1 - Added connection com.mysql.cj.jdbc.ConnectionImpl@1e6bd367
2026-05-25T20:58:24.873-05:00  INFO 15048 --- [           main] com.zaxxer.hikari.HikariDataSource       : HikariPool-1 - Start completed.
2026-05-25T20:58:24.950-05:00  WARN 15048 --- [           main] org.hibernate.orm.core                   : HHH000511: The 5.5.5 version for [org.hibernate.dialect.MySQLDialect] is no longer supported, hence certain features may not work properly.The minimum supported version is 8.0.0. Check the community dialects project for available legacy versions.
2026-05-25T20:58:24.959-05:00  WARN 15048 --- [           main] org.hibernate.orm.deprecation            : HHH90000025: MySQLDialect does not need to be specified explicitly using 'hibernate.dialect' (remove the property setting and it will be selected by default)
2026-05-25T20:58:24.993-05:00  INFO 15048 --- [           main] org.hibernate.orm.connections.pooling    : HHH10001005: Database info:
	Database JDBC URL [jdbc:mysql://localhost:3306/caja_chica]
	Database driver: MySQL Connector/J
	Database dialect: MySQLDialect
	Database version: 5.5.5
	Default catalog/schema: caja_chica/undefined
	Autocommit mode: undefined/unknown
	Isolation level: REPEATABLE_READ [default REPEATABLE_READ]
	JDBC fetch size: none
	Pool: DataSourceConnectionProvider
	Minimum pool size: undefined/unknown
	Maximum pool size: undefined/unknown
2026-05-25T20:58:27.024-05:00  INFO 15048 --- [           main] org.hibernate.orm.core                   : HHH000489: No JTA platform available (set 'hibernate.transaction.jta.platform' to enable JTA platform integration)
Hibernate: create table gastos (id bigint not null auto_increment, categoria varchar(255) not null, comprobante varchar(255), descripcion varchar(255) not null, estado varchar(255), fecha datetime(6), monto decimal(38,2) not null, caja_id bigint, usuario_id bigint, primary key (id)) engine=InnoDB
Hibernate: alter table gastos add constraint FKfeirqu91stl0g9salv0fghtnq foreign key (caja_id) references caja_chica (id)
Hibernate: alter table gastos add constraint FKg0h50xsu5se2hswhwswmt2esf foreign key (usuario_id) references usuarios (id)
2026-05-25T20:58:27.854-05:00  INFO 15048 --- [           main] j.LocalContainerEntityManagerFactoryBean : Initialized JPA EntityManagerFactory for persistence unit 'default'
2026-05-25T20:58:28.098-05:00  INFO 15048 --- [           main] o.s.d.j.r.query.QueryEnhancerFactories   : Hibernate is in classpath; If applicable, HQL parser will be used.
2026-05-25T20:58:28.735-05:00  WARN 15048 --- [           main] JpaBaseConfiguration$JpaWebConfiguration : spring.jpa.open-in-view is enabled by default. Therefore, database queries may be performed during view rendering. Explicitly configure spring.jpa.open-in-view to disable this warning
2026-05-25T20:58:28.960-05:00  WARN 15048 --- [           main] .s.a.UserDetailsServiceAutoConfiguration : 

Using generated security password: f087b531-bff4-49c1-9360-b1641524bdcf

This generated password is for development use only. Your security configuration must be updated before running your application in production.

2026-05-25T20:58:28.977-05:00  INFO 15048 --- [           main] r$InitializeUserDetailsManagerConfigurer : Global AuthenticationManager configured with UserDetailsService bean with name inMemoryUserDetailsManager
2026-05-25T20:58:30.166-05:00  INFO 15048 --- [           main] c.e.c.CajaChicaApplicationTests          : Started CajaChicaApplicationTests in 11.432 seconds (process running for 14.792)
]]></system-out>
    <system-err><![CDATA[Mockito is currently self-attaching to enable the inline-mock-maker. This will no longer work in future releases of the JDK. Please add Mockito as an agent to your build as described in Mockito's documentation: https://javadoc.io/doc/org.mockito/mockito-core/latest/org.mockito/org/mockito/Mockito.html#0.3
WARNING: A Java agent has been loaded dynamically (C:\Users\Kevin(orejas)\.m2\repository\net\bytebuddy\byte-buddy-agent\1.17.8\byte-buddy-agent-1.17.8.jar)
WARNING: If a serviceability tool is in use, please run with -XX:+EnableDynamicAgentLoading to hide this warning
WARNING: If a serviceability tool is not in use, please run with -Djdk.instrument.traceUsage for more information
WARNING: Dynamic loading of agents will be disallowed by default in a future release
]]></system-err>
  </testcase>
</testsuite>